[2025-06-10 10:54:32.597]  INFO 9416 --- [   File Watcher] rtingClassPathChangeChangedEventListener : Restarting due to 24 class path changes (0 additions, 0 deletions, 24 modifications)
[2025-06-10 10:54:32.625]  INFO 9416 --- [       Thread-5] o.s.b.w.e.t.GracefulShutdown             : Commencing graceful shutdown. Waiting for active requests to complete
[2025-06-10 10:54:32.628]  INFO 9416 --- [tomcat-shutdown] o.a.c.h.Http11NioProtocol                : Pausing ProtocolHandler ["http-nio-80"]
[2025-06-10 10:54:32.723]  INFO 9416 --- [tomcat-shutdown] o.s.b.w.e.t.GracefulShutdown             : Graceful shutdown complete
[2025-06-10 10:54:32.724]  INFO 9416 --- [       Thread-5] o.a.c.h.Http11NioProtocol                : Stopping ProtocolHandler ["http-nio-80"]
[2025-06-10 10:54:32.782]  INFO 9416 --- [  restartedMain] k.c.g.SpringProjectApplication           : 스프링 프로젝트가 시작중입니다.
[2025-06-10 10:54:32.865]  INFO 9416 --- [  restartedMain] k.c.g.SpringProjectApplication           : Starting SpringProjectApplication using Java 17.0.12 with PID 9416 (C:\dev\git-workspace\springProject\bin\main started by GR in C:\dev\git-workspace\springProject)
[2025-06-10 10:54:32.870]  INFO 9416 --- [  restartedMain] k.c.g.SpringProjectApplication           : No active profile set, falling back to 1 default profile: "default"
[2025-06-10 10:54:33.315]  INFO 9416 --- [  restartedMain] o.s.b.w.e.t.TomcatWebServer              : Tomcat initialized with port 80 (http)
[2025-06-10 10:54:33.316]  INFO 9416 --- [  restartedMain] o.a.c.h.Http11NioProtocol                : Initializing ProtocolHandler ["http-nio-80"]
[2025-06-10 10:54:33.317]  INFO 9416 --- [  restartedMain] o.a.c.c.StandardService                  : Starting service [Tomcat]
[2025-06-10 10:54:33.317]  INFO 9416 --- [  restartedMain] o.a.c.c.StandardEngine                   : Starting Servlet engine: [Apache Tomcat/10.1.39]
[2025-06-10 10:54:33.329]  INFO 9416 --- [  restartedMain] o.a.c.c.C.[.[.[/]                        : Initializing Spring embedded WebApplicationContext
[2025-06-10 10:54:33.329]  INFO 9416 --- [  restartedMain] w.s.c.ServletWebServerApplicationContext : Root WebApplicationContext: initialization completed in 445 ms
[2025-06-10 10:54:33.414]  WARN 9416 --- [  restartedMain] .s.s.UserDetailsServiceAutoConfiguration : 

Using generated security password: f8aaf938-10e3-4608-8cd4-ac671026a48d

This generated password is for development use only. Your security configuration must be updated before running your application in production.

[2025-06-10 10:54:33.414]  INFO 9416 --- [  restartedMain] r$InitializeUserDetailsManagerConfigurer : Global AuthenticationManager configured with UserDetailsService bean with name inMemoryUserDetailsManager
[2025-06-10 10:54:33.540]  INFO 9416 --- [  restartedMain] o.s.b.d.a.OptionalLiveReloadServer       : LiveReload server is running on port 35729
[2025-06-10 10:54:33.548]  INFO 9416 --- [  restartedMain] o.a.c.h.Http11NioProtocol                : Starting ProtocolHandler ["http-nio-80"]
[2025-06-10 10:54:33.550]  INFO 9416 --- [  restartedMain] o.s.b.w.e.t.TomcatWebServer              : Tomcat started on port 80 (http) with context path '/'
[2025-06-10 10:54:33.557]  INFO 9416 --- [  restartedMain] k.c.g.SpringProjectApplication           : Started SpringProjectApplication in 0.77 seconds (process running for 1551.322)
[2025-06-10 10:54:33.560]  INFO 9416 --- [  restartedMain] .ConditionEvaluationDeltaLoggingListener : Condition evaluation unchanged
[2025-06-10 10:54:33.561]  INFO 9416 --- [  restartedMain] k.c.g.SpringProjectApplication           : 스프링 프로젝트가 성공적으로 시작되었습니다.
