[2025-06-10 11:34:29.346]  INFO ${sys:PID} --- [           main] t.c.s.AnnotationConfigContextLoaderUtils : Could not detect default configuration classes for test class [kr.co.green.member.MemberRegisterTest]: MemberRegisterTest does not declare any static, non-private, non-final, nested classes annotated with @Configuration.
[2025-06-10 11:34:29.470]  INFO ${sys:PID} --- [           main] .b.t.c.SpringBootTestContextBootstrapper : Found @SpringBootConfiguration kr.co.green.SpringProjectApplication for test class kr.co.green.member.MemberRegisterTest
[2025-06-10 11:34:29.601]  INFO ${sys:PID} --- [           main] o.s.b.d.r.RestartApplicationListener     : Restart disabled due to context in which it is running
[2025-06-10 11:34:29.798]  INFO 13072 --- [kground-preinit] o.h.v.i.u.Version                        : HV000001: Hibernate Validator 8.0.2.Final
[2025-06-10 11:34:29.838]  INFO 13072 --- [           main] k.c.g.m.MemberRegisterTest               : Starting MemberRegisterTest using Java 17.0.12 with PID 13072 (started by GR in C:\dev\git-workspace\springProject)
[2025-06-10 11:34:29.841]  INFO 13072 --- [           main] k.c.g.m.MemberRegisterTest               : No active profile set, falling back to 1 default profile: "default"
[2025-06-10 11:34:31.349]  WARN 13072 --- [           main] .s.s.UserDetailsServiceAutoConfiguration : 

Using generated security password: 40a37714-f9b9-4d45-8295-e32ad62b0783

This generated password is for development use only. Your security configuration must be updated before running your application in production.

[2025-06-10 11:34:31.355]  INFO 13072 --- [           main] r$InitializeUserDetailsManagerConfigurer : Global AuthenticationManager configured with UserDetailsService bean with name inMemoryUserDetailsManager
[2025-06-10 11:34:31.939]  INFO 13072 --- [           main] o.s.b.t.m.w.SpringBootMockServletContext : Initializing Spring TestDispatcherServlet ''
[2025-06-10 11:34:31.939]  INFO 13072 --- [           main] o.s.t.w.s.TestDispatcherServlet          : Initializing Servlet ''
[2025-06-10 11:34:31.941]  INFO 13072 --- [           main] o.s.t.w.s.TestDispatcherServlet          : Completed initialization in 2 ms
[2025-06-10 11:34:31.973]  INFO 13072 --- [           main] k.c.g.m.MemberRegisterTest               : Started MemberRegisterTest in 2.382 seconds (process running for 3.577)
[2025-06-10 11:34:32.003]  INFO 13072 --- [           main] c.z.h.HikariDataSource                   : HikariPool-1 - Starting...
[2025-06-10 11:34:32.007]  WARN 13072 --- [           main] c.z.h.u.DriverDataSource                 : Registered driver with driverClassName=oracle.jdbc.driver.OracleDriver was not found, trying direct instantiation.
[2025-06-10 11:34:32.408]  INFO 13072 --- [           main] c.z.h.p.HikariPool                       : HikariPool-1 - Added connection oracle.jdbc.driver.T4CConnection@1c8e8fed
[2025-06-10 11:34:32.411]  INFO 13072 --- [           main] c.z.h.HikariDataSource                   : HikariPool-1 - Start completed.
[2025-06-10 11:34:33.802]  INFO 13072 --- [ionShutdownHook] c.z.h.HikariDataSource                   : HikariPool-1 - Shutdown initiated...
[2025-06-10 11:34:33.819]  INFO 13072 --- [ionShutdownHook] c.z.h.HikariDataSource                   : HikariPool-1 - Shutdown completed.
[2025-06-10 11:34:59.963]  INFO ${sys:PID} --- [           main] t.c.s.AnnotationConfigContextLoaderUtils : Could not detect default configuration classes for test class [kr.co.green.member.MemberRegisterTest]: MemberRegisterTest does not declare any static, non-private, non-final, nested classes annotated with @Configuration.
