[2025-06-10 11:16:40.427]  INFO ${sys:PID} --- [           main] t.c.s.AnnotationConfigContextLoaderUtils : Could not detect default configuration classes for test class [kr.co.green.member.MemberRegisterTest]: MemberRegisterTest does not declare any static, non-private, non-final, nested classes annotated with @Configuration.
[2025-06-10 11:16:40.558]  INFO ${sys:PID} --- [           main] .b.t.c.SpringBootTestContextBootstrapper : Found @SpringBootConfiguration kr.co.green.SpringProjectApplication for test class kr.co.green.member.MemberRegisterTest
[2025-06-10 11:16:40.684]  INFO ${sys:PID} --- [           main] o.s.b.d.r.RestartApplicationListener     : Restart disabled due to context in which it is running
[2025-06-10 11:16:40.873]  INFO 8720 --- [kground-preinit] o.h.v.i.u.Version                        : HV000001: Hibernate Validator 8.0.2.Final
[2025-06-10 11:16:40.917]  INFO 8720 --- [           main] k.c.g.m.MemberRegisterTest               : Starting MemberRegisterTest using Java 17.0.12 with PID 8720 (started by GR in C:\dev\git-workspace\springProject)
[2025-06-10 11:16:40.927]  INFO 8720 --- [           main] k.c.g.m.MemberRegisterTest               : No active profile set, falling back to 1 default profile: "default"
[2025-06-10 11:16:42.409]  WARN 8720 --- [           main] .s.s.UserDetailsServiceAutoConfiguration : 

Using generated security password: e4a3858b-dc2a-406c-9a4f-c4f5e728ef81

This generated password is for development use only. Your security configuration must be updated before running your application in production.

[2025-06-10 11:16:42.417]  INFO 8720 --- [           main] r$InitializeUserDetailsManagerConfigurer : Global AuthenticationManager configured with UserDetailsService bean with name inMemoryUserDetailsManager
[2025-06-10 11:16:43.043]  INFO 8720 --- [           main] o.s.b.t.m.w.SpringBootMockServletContext : Initializing Spring TestDispatcherServlet ''
[2025-06-10 11:16:43.044]  INFO 8720 --- [           main] o.s.t.w.s.TestDispatcherServlet          : Initializing Servlet ''
[2025-06-10 11:16:43.045]  INFO 8720 --- [           main] o.s.t.w.s.TestDispatcherServlet          : Completed initialization in 1 ms
[2025-06-10 11:16:43.078]  INFO 8720 --- [           main] k.c.g.m.MemberRegisterTest               : Started MemberRegisterTest in 2.402 seconds (process running for 3.642)
[2025-06-10 11:16:43.109]  INFO 8720 --- [           main] c.z.h.HikariDataSource                   : HikariPool-1 - Starting...
[2025-06-10 11:16:43.115]  WARN 8720 --- [           main] c.z.h.u.DriverDataSource                 : Registered driver with driverClassName=oracle.jdbc.driver.OracleDriver was not found, trying direct instantiation.
[2025-06-10 11:16:43.523]  INFO 8720 --- [           main] c.z.h.p.HikariPool                       : HikariPool-1 - Added connection oracle.jdbc.driver.T4CConnection@21540255
[2025-06-10 11:16:43.525]  INFO 8720 --- [           main] c.z.h.HikariDataSource                   : HikariPool-1 - Start completed.
[2025-06-10 11:16:44.736]  INFO 8720 --- [ionShutdownHook] c.z.h.HikariDataSource                   : HikariPool-1 - Shutdown initiated...
[2025-06-10 11:16:44.754]  INFO 8720 --- [ionShutdownHook] c.z.h.HikariDataSource                   : HikariPool-1 - Shutdown completed.
